\BOOKMARK [0][-]{chapter.1}{\376\377\000T\000e\000s\000t\000\040\000L\000i\000s\000t}{}% 1
\BOOKMARK [0][-]{chapter.2}{\376\377\000C\000l\000a\000s\000s\000\040\000I\000n\000d\000e\000x}{}% 2
\BOOKMARK [1][-]{section.2.1}{\376\377\000C\000l\000a\000s\000s\000\040\000L\000i\000s\000t}{chapter.2}% 3
\BOOKMARK [0][-]{chapter.3}{\376\377\000F\000i\000l\000e\000\040\000I\000n\000d\000e\000x}{}% 4
\BOOKMARK [1][-]{section.3.1}{\376\377\000F\000i\000l\000e\000\040\000L\000i\000s\000t}{chapter.3}% 5
\BOOKMARK [0][-]{chapter.4}{\376\377\000C\000l\000a\000s\000s\000\040\000D\000o\000c\000u\000m\000e\000n\000t\000a\000t\000i\000o\000n}{}% 6
\BOOKMARK [1][-]{section.4.1}{\376\377\000I\000m\000a\000g\000e\000:\000:\000h\000\040\000C\000l\000a\000s\000s\000\040\000R\000e\000f\000e\000r\000e\000n\000c\000e}{chapter.4}% 7
\BOOKMARK [1][-]{section.4.2}{\376\377\000I\000m\000a\000g\000e\000\040\000C\000l\000a\000s\000s\000\040\000R\000e\000f\000e\000r\000e\000n\000c\000e}{chapter.4}% 8
\BOOKMARK [2][-]{subsection.4.2.1}{\376\377\000C\000o\000n\000s\000t\000r\000u\000c\000t\000o\000r\000\040\000\046\000\040\000D\000e\000s\000t\000r\000u\000c\000t\000o\000r\000\040\000D\000o\000c\000u\000m\000e\000n\000t\000a\000t\000i\000o\000n}{section.4.2}% 9
\BOOKMARK [3][-]{subsubsection.4.2.1.1}{\376\377\000I\000m\000a\000g\000e}{subsection.4.2.1}% 10
\BOOKMARK [3][-]{subsubsection.4.2.1.2}{\376\377\000I\000m\000a\000g\000e}{subsection.4.2.1}% 11
\BOOKMARK [3][-]{subsubsection.4.2.1.3}{\376\377\000I\000m\000a\000g\000e}{subsection.4.2.1}% 12
\BOOKMARK [2][-]{subsection.4.2.2}{\376\377\000M\000e\000m\000b\000e\000r\000\040\000F\000u\000n\000c\000t\000i\000o\000n\000\040\000D\000o\000c\000u\000m\000e\000n\000t\000a\000t\000i\000o\000n}{section.4.2}% 13
\BOOKMARK [3][-]{subsubsection.4.2.2.1}{\376\377\000D\000e\000t\000e\000c\000t\000i\000o\000n\000\137\000F\000a\000c\000e}{subsection.4.2.2}% 14
\BOOKMARK [3][-]{subsubsection.4.2.2.2}{\376\377\000D\000i\000c\000c\000i\000o\000n\000a\000r\000y}{subsection.4.2.2}% 15
\BOOKMARK [3][-]{subsubsection.4.2.2.3}{\376\377\000D\000i\000m\000e\000n\000s\000i\000o\000n}{subsection.4.2.2}% 16
\BOOKMARK [3][-]{subsubsection.4.2.2.4}{\376\377\000F\000a\000s\000t\000\137\000a\000w\000m\000r}{subsection.4.2.2}% 17
\BOOKMARK [3][-]{subsubsection.4.2.2.5}{\376\377\000F\000i\000l\000t\000e\000r\000i\000n\000g}{subsection.4.2.2}% 18
\BOOKMARK [3][-]{subsubsection.4.2.2.6}{\376\377\000F\000o\000u\000r\000\137\000w\000i\000n\000d\000o\000w\000s\000\137\000o\000p\000e\000n\000c\000v}{subsection.4.2.2}% 19
\BOOKMARK [3][-]{subsubsection.4.2.2.7}{\376\377\000G\000a\000u\000s\000s\000i\000a\000n\000\137\000n\000o\000i\000s\000e}{subsection.4.2.2}% 20
\BOOKMARK [3][-]{subsubsection.4.2.2.8}{\376\377\000G\000e\000t\000\137\000p\000i\000x\000e\000l}{subsection.4.2.2}% 21
\BOOKMARK [3][-]{subsubsection.4.2.2.9}{\376\377\000G\000e\000t\000\137\000p\000i\000x\000e\000l\000s}{subsection.4.2.2}% 22
\BOOKMARK [3][-]{subsubsection.4.2.2.10}{\376\377\000I\000d\000t\000c\000\137\000R\000o\000b\000u\000s\000t\000a}{subsection.4.2.2}% 23
\BOOKMARK [3][-]{subsubsection.4.2.2.11}{\376\377\000I\000m\000a\000g\000e\000\137\000l\000o\000a\000d}{subsection.4.2.2}% 24
\BOOKMARK [3][-]{subsubsection.4.2.2.12}{\376\377\000I\000m\000p\000u\000l\000s\000i\000v\000e\000\137\000u\000n\000i\000f\000o\000r\000m\000\137\000n\000o\000i\000s\000e}{subsection.4.2.2}% 25
\BOOKMARK [3][-]{subsubsection.4.2.2.13}{\376\377\000L\000o\000s\000t\000\137\000p\000i\000x\000e\000l\000s\000\137\000n\000o\000i\000s\000e}{subsection.4.2.2}% 26
\BOOKMARK [3][-]{subsubsection.4.2.2.14}{\376\377\000M\000A\000E}{subsection.4.2.2}% 27
\BOOKMARK [3][-]{subsubsection.4.2.2.15}{\376\377\000M\000S\000E}{subsection.4.2.2}% 28
\BOOKMARK [3][-]{subsubsection.4.2.2.16}{\376\377\000N\000o\000i\000s\000e\000\137\000r\000e\000m\000o\000v\000e\000r}{subsection.4.2.2}% 29
\BOOKMARK [3][-]{subsubsection.4.2.2.17}{\376\377\000O\000v\000e\000r\000l\000a\000p}{subsection.4.2.2}% 30
\BOOKMARK [3][-]{subsubsection.4.2.2.18}{\376\377\000P\000S\000N\000R}{subsection.4.2.2}% 31
\BOOKMARK [3][-]{subsubsection.4.2.2.19}{\376\377\000S\000a\000l\000t\000\137\000a\000n\000d\000\137\000p\000e\000p\000p\000e\000r\000\137\000n\000o\000i\000s\000e}{subsection.4.2.2}% 32
\BOOKMARK [3][-]{subsubsection.4.2.2.20}{\376\377\000S\000a\000v\000e\000I\000m\000a\000g\000e}{subsection.4.2.2}% 33
\BOOKMARK [3][-]{subsubsection.4.2.2.21}{\376\377\000T\000w\000o\000\137\000w\000i\000n\000d\000o\000w\000s\000\137\000o\000p\000e\000n\000c\000v}{subsection.4.2.2}% 34
\BOOKMARK [3][-]{subsubsection.4.2.2.22}{\376\377\000w\000m\000e\000d\000i\000a\000n\000f}{subsection.4.2.2}% 35
\BOOKMARK [2][-]{subsection.4.2.3}{\376\377\000M\000e\000m\000b\000e\000r\000\040\000D\000a\000t\000a\000\040\000D\000o\000c\000u\000m\000e\000n\000t\000a\000t\000i\000o\000n}{section.4.2}% 36
\BOOKMARK [3][-]{subsubsection.4.2.3.1}{\376\377\000c\000o\000l\000s}{subsection.4.2.3}% 37
\BOOKMARK [3][-]{subsubsection.4.2.3.2}{\376\377\000m\000a\000t\000r\000i\000x}{subsection.4.2.3}% 38
\BOOKMARK [3][-]{subsubsection.4.2.3.3}{\376\377\000r\000o\000w\000s}{subsection.4.2.3}% 39
\BOOKMARK [0][-]{chapter.5}{\376\377\000F\000i\000l\000e\000\040\000D\000o\000c\000u\000m\000e\000n\000t\000a\000t\000i\000o\000n}{}% 40
\BOOKMARK [1][-]{section.5.1}{\376\377\000e\000x\000a\000m\000p\000l\000e\000s\000/\000b\000a\000s\000i\000c\000\137\000f\000u\000n\000c\000i\000o\000n\000s\000.\000c\000p\000p\000\040\000F\000i\000l\000e\000\040\000R\000e\000f\000e\000r\000e\000n\000c\000e}{chapter.5}% 41
\BOOKMARK [2][-]{subsection.5.1.1}{\376\377\000D\000e\000t\000a\000i\000l\000e\000d\000\040\000D\000e\000s\000c\000r\000i\000p\000t\000i\000o\000n}{section.5.1}% 42
\BOOKMARK [2][-]{subsection.5.1.2}{\376\377\000F\000u\000n\000c\000t\000i\000o\000n\000\040\000D\000o\000c\000u\000m\000e\000n\000t\000a\000t\000i\000o\000n}{section.5.1}% 43
\BOOKMARK [3][-]{subsubsection.5.1.2.1}{\376\377\000m\000a\000i\000n}{subsection.5.1.2}% 44
\BOOKMARK [1][-]{section.5.2}{\376\377\000e\000x\000a\000m\000p\000l\000e\000s\000/\000d\000e\000t\000e\000c\000t\000i\000o\000n\000\137\000f\000a\000c\000e\000.\000c\000p\000p\000\040\000F\000i\000l\000e\000\040\000R\000e\000f\000e\000r\000e\000n\000c\000e}{chapter.5}% 45
\BOOKMARK [2][-]{subsection.5.2.1}{\376\377\000F\000u\000n\000c\000t\000i\000o\000n\000\040\000D\000o\000c\000u\000m\000e\000n\000t\000a\000t\000i\000o\000n}{section.5.2}% 46
\BOOKMARK [3][-]{subsubsection.5.2.1.1}{\376\377\000m\000a\000i\000n}{subsection.5.2.1}% 47
\BOOKMARK [1][-]{section.5.3}{\376\377\000e\000x\000a\000m\000p\000l\000e\000s\000/\000f\000i\000l\000t\000e\000r\000i\000n\000g\000\137\000m\000e\000a\000n\000.\000c\000p\000p\000\040\000F\000i\000l\000e\000\040\000R\000e\000f\000e\000r\000e\000n\000c\000e}{chapter.5}% 48
\BOOKMARK [2][-]{subsection.5.3.1}{\376\377\000F\000u\000n\000c\000t\000i\000o\000n\000\040\000D\000o\000c\000u\000m\000e\000n\000t\000a\000t\000i\000o\000n}{section.5.3}% 49
\BOOKMARK [3][-]{subsubsection.5.3.1.1}{\376\377\000m\000a\000i\000n}{subsection.5.3.1}% 50
\BOOKMARK [1][-]{section.5.4}{\376\377\000e\000x\000a\000m\000p\000l\000e\000s\000/\000f\000i\000l\000t\000e\000r\000i\000n\000g\000\137\000m\000e\000d\000i\000a\000n\000.\000c\000p\000p\000\040\000F\000i\000l\000e\000\040\000R\000e\000f\000e\000r\000e\000n\000c\000e}{chapter.5}% 51
\BOOKMARK [2][-]{subsection.5.4.1}{\376\377\000F\000u\000n\000c\000t\000i\000o\000n\000\040\000D\000o\000c\000u\000m\000e\000n\000t\000a\000t\000i\000o\000n}{section.5.4}% 52
\BOOKMARK [3][-]{subsubsection.5.4.1.1}{\376\377\000m\000a\000i\000n}{subsection.5.4.1}% 53
\BOOKMARK [1][-]{section.5.5}{\376\377\000e\000x\000a\000m\000p\000l\000e\000s\000/\000g\000a\000u\000s\000s\000i\000a\000n\000\137\000n\000o\000i\000s\000e\000.\000c\000p\000p\000\040\000F\000i\000l\000e\000\040\000R\000e\000f\000e\000r\000e\000n\000c\000e}{chapter.5}% 54
\BOOKMARK [2][-]{subsection.5.5.1}{\376\377\000F\000u\000n\000c\000t\000i\000o\000n\000\040\000D\000o\000c\000u\000m\000e\000n\000t\000a\000t\000i\000o\000n}{section.5.5}% 55
\BOOKMARK [3][-]{subsubsection.5.5.1.1}{\376\377\000m\000a\000i\000n}{subsection.5.5.1}% 56
\BOOKMARK [1][-]{section.5.6}{\376\377\000e\000x\000a\000m\000p\000l\000e\000s\000/\000i\000d\000t\000c\000\137\000R\000o\000b\000u\000s\000t\000a\000\137\000m\000e\000a\000n\000.\000c\000p\000p\000\040\000F\000i\000l\000e\000\040\000R\000e\000f\000e\000r\000e\000n\000c\000e}{chapter.5}% 57
\BOOKMARK [2][-]{subsection.5.6.1}{\376\377\000F\000u\000n\000c\000t\000i\000o\000n\000\040\000D\000o\000c\000u\000m\000e\000n\000t\000a\000t\000i\000o\000n}{section.5.6}% 58
\BOOKMARK [3][-]{subsubsection.5.6.1.1}{\376\377\000m\000a\000i\000n}{subsection.5.6.1}% 59
\BOOKMARK [1][-]{section.5.7}{\376\377\000e\000x\000a\000m\000p\000l\000e\000s\000/\000i\000d\000t\000c\000\137\000R\000o\000b\000u\000s\000t\000a\000\137\000m\000e\000d\000i\000a\000n\000.\000c\000p\000p\000\040\000F\000i\000l\000e\000\040\000R\000e\000f\000e\000r\000e\000n\000c\000e}{chapter.5}% 60
\BOOKMARK [2][-]{subsection.5.7.1}{\376\377\000F\000u\000n\000c\000t\000i\000o\000n\000\040\000D\000o\000c\000u\000m\000e\000n\000t\000a\000t\000i\000o\000n}{section.5.7}% 61
\BOOKMARK [3][-]{subsubsection.5.7.1.1}{\376\377\000m\000a\000i\000n}{subsection.5.7.1}% 62
\BOOKMARK [1][-]{section.5.8}{\376\377\000e\000x\000a\000m\000p\000l\000e\000s\000/\000l\000o\000s\000t\000\137\000P\000i\000x\000e\000l\000s\000\137\000n\000o\000i\000s\000e\000.\000c\000p\000p\000\040\000F\000i\000l\000e\000\040\000R\000e\000f\000e\000r\000e\000n\000c\000e}{chapter.5}% 63
\BOOKMARK [2][-]{subsection.5.8.1}{\376\377\000F\000u\000n\000c\000t\000i\000o\000n\000\040\000D\000o\000c\000u\000m\000e\000n\000t\000a\000t\000i\000o\000n}{section.5.8}% 64
\BOOKMARK [3][-]{subsubsection.5.8.1.1}{\376\377\000m\000a\000i\000n}{subsection.5.8.1}% 65
\BOOKMARK [1][-]{section.5.9}{\376\377\000e\000x\000a\000m\000p\000l\000e\000s\000/\000n\000o\000i\000s\000e\000\137\000r\000e\000m\000o\000v\000e\000r\000.\000c\000p\000p\000\040\000F\000i\000l\000e\000\040\000R\000e\000f\000e\000r\000e\000n\000c\000e}{chapter.5}% 66
\BOOKMARK [2][-]{subsection.5.9.1}{\376\377\000F\000u\000n\000c\000t\000i\000o\000n\000\040\000D\000o\000c\000u\000m\000e\000n\000t\000a\000t\000i\000o\000n}{section.5.9}% 67
\BOOKMARK [3][-]{subsubsection.5.9.1.1}{\376\377\000m\000a\000i\000n}{subsection.5.9.1}% 68
\BOOKMARK [1][-]{section.5.10}{\376\377\000e\000x\000a\000m\000p\000l\000e\000s\000/\000o\000v\000e\000r\000l\000a\000p\000.\000c\000p\000p\000\040\000F\000i\000l\000e\000\040\000R\000e\000f\000e\000r\000e\000n\000c\000e}{chapter.5}% 69
\BOOKMARK [2][-]{subsection.5.10.1}{\376\377\000F\000u\000n\000c\000t\000i\000o\000n\000\040\000D\000o\000c\000u\000m\000e\000n\000t\000a\000t\000i\000o\000n}{section.5.10}% 70
\BOOKMARK [3][-]{subsubsection.5.10.1.1}{\376\377\000m\000a\000i\000n}{subsection.5.10.1}% 71
\BOOKMARK [1][-]{section.5.11}{\376\377\000e\000x\000a\000m\000p\000l\000e\000s\000/\000s\000a\000l\000t\000\137\000p\000e\000p\000p\000e\000r\000.\000c\000p\000p\000\040\000F\000i\000l\000e\000\040\000R\000e\000f\000e\000r\000e\000n\000c\000e}{chapter.5}% 72
\BOOKMARK [2][-]{subsection.5.11.1}{\376\377\000F\000u\000n\000c\000t\000i\000o\000n\000\040\000D\000o\000c\000u\000m\000e\000n\000t\000a\000t\000i\000o\000n}{section.5.11}% 73
\BOOKMARK [3][-]{subsubsection.5.11.1.1}{\376\377\000m\000a\000i\000n}{subsection.5.11.1}% 74
\BOOKMARK [1][-]{section.5.12}{\376\377\000e\000x\000a\000m\000p\000l\000e\000s\000/\000u\000n\000i\000f\000o\000r\000m\000\137\000i\000m\000p\000u\000l\000s\000i\000v\000e\000\137\000n\000o\000i\000s\000e\000.\000c\000p\000p\000\040\000F\000i\000l\000e\000\040\000R\000e\000f\000e\000r\000e\000n\000c\000e}{chapter.5}% 75
\BOOKMARK [2][-]{subsection.5.12.1}{\376\377\000F\000u\000n\000c\000t\000i\000o\000n\000\040\000D\000o\000c\000u\000m\000e\000n\000t\000a\000t\000i\000o\000n}{section.5.12}% 76
\BOOKMARK [3][-]{subsubsection.5.12.1.1}{\376\377\000m\000a\000i\000n}{subsection.5.12.1}% 77
\BOOKMARK [1][-]{section.5.13}{\376\377\000i\000n\000c\000l\000u\000d\000e\000/\000I\000m\000a\000g\000e\000.\000h\000p\000p\000\040\000F\000i\000l\000e\000\040\000R\000e\000f\000e\000r\000e\000n\000c\000e}{chapter.5}% 78
\BOOKMARK [1][-]{section.5.14}{\376\377\000s\000r\000c\000/\000D\000e\000t\000e\000c\000t\000i\000o\000n\000\137\000F\000a\000c\000e\000\137\000o\000p\000e\000n\000c\000v\000.\000c\000p\000p\000\040\000F\000i\000l\000e\000\040\000R\000e\000f\000e\000r\000e\000n\000c\000e}{chapter.5}% 79
\BOOKMARK [2][-]{subsection.5.14.1}{\376\377\000V\000a\000r\000i\000a\000b\000l\000e\000\040\000D\000o\000c\000u\000m\000e\000n\000t\000a\000t\000i\000o\000n}{section.5.14}% 80
\BOOKMARK [3][-]{subsubsection.5.14.1.1}{\376\377\000f\000a\000c\000e\000\137\000c\000a\000s\000c\000a\000d\000e}{subsection.5.14.1}% 81
\BOOKMARK [1][-]{section.5.15}{\376\377\000s\000r\000c\000/\000F\000o\000u\000r\000\137\000w\000i\000n\000d\000o\000w\000s\000\137\000o\000p\000e\000n\000c\000v\000.\000c\000p\000p\000\040\000F\000i\000l\000e\000\040\000R\000e\000f\000e\000r\000e\000n\000c\000e}{chapter.5}% 82
\BOOKMARK [1][-]{section.5.16}{\376\377\000s\000r\000c\000/\000I\000m\000a\000g\000e\000\137\000l\000o\000a\000d\000.\000c\000p\000p\000\040\000F\000i\000l\000e\000\040\000R\000e\000f\000e\000r\000e\000n\000c\000e}{chapter.5}% 83
\BOOKMARK [2][-]{subsection.5.16.1}{\376\377\000F\000u\000n\000c\000t\000i\000o\000n\000\040\000D\000o\000c\000u\000m\000e\000n\000t\000a\000t\000i\000o\000n}{section.5.16}% 84
\BOOKMARK [3][-]{subsubsection.5.16.1.1}{\376\377\000A\000v\000e\000r\000a\000g\000e\000\137\000M\000e\000d\000i\000a\000n}{subsection.5.16.1}% 85
\BOOKMARK [1][-]{section.5.17}{\376\377\000s\000r\000c\000/\000m\000a\000i\000n\000.\000c\000p\000p\000\040\000F\000i\000l\000e\000\040\000R\000e\000f\000e\000r\000e\000n\000c\000e}{chapter.5}% 86
\BOOKMARK [2][-]{subsection.5.17.1}{\376\377\000F\000u\000n\000c\000t\000i\000o\000n\000\040\000D\000o\000c\000u\000m\000e\000n\000t\000a\000t\000i\000o\000n}{section.5.17}% 87
\BOOKMARK [3][-]{subsubsection.5.17.1.1}{\376\377\000m\000a\000i\000n}{subsection.5.17.1}% 88
\BOOKMARK [1][-]{section.5.18}{\376\377\000s\000r\000c\000/\000T\000w\000o\000\137\000w\000i\000n\000d\000o\000w\000s\000\137\000o\000p\000e\000n\000c\000v\000.\000c\000p\000p\000\040\000F\000i\000l\000e\000\040\000R\000e\000f\000e\000r\000e\000n\000c\000e}{chapter.5}% 89
